#
# A fatal error has been detected by the Java Runtime Environment:
#
#  EXCEPTION_ACCESS_VIOLATION (0xc0000005) at pc=0x000000007152a7db, pid=15792, tid=0x0000000000001968
#
# JRE version: Java(TM) SE Runtime Environment (8.0_191-b12) (build 1.8.0_191-b12)
# Java VM: Java HotSpot(TM) 64-Bit Server VM (25.191-b12 mixed mode windows-amd64 compressed oops)
# Problematic frame:
# V  [jvm.dll+0x2da7db]
#
# Failed to write core dump. Minidumps are not enabled by default on client versions of Windows
#
# If you would like to submit a bug report, please visit:
#   http://bugreport.java.com/bugreport/crash.jsp
#

---------------  T H R E A D  ---------------

Current thread (0x0000000017f2d800):  JavaThread "JDWP Transport Listener: dt_socket" daemon [_thread_in_vm, id=6504, stack(0x0000000019870000,0x0000000019970000)]

siginfo: ExceptionCode=0xc0000005, reading address 0x0000000000000008

Registers:
RAX=0x000000001996e9e0, RBX=0x000000001996e9b0, RCX=0x000000001996e9b0, RDX=0x00000000032ff8e0
RSP=0x000000001996e900, RBP=0x0000000017f31680, RSI=0x0000000002dd8fd0, RDI=0x000000001996e9e0
R8 =0x0000000000000000, R9 =0x0000000000007fd8, R10=0x0000000000000000, R11=0x00000000033e08da
R12=0x0000000017f3b210, R13=0x0000000017f3b220, R14=0x0000000017f3b5f8, R15=0x00000000000003d8
RIP=0x000000007152a7db, EFLAGS=0x0000000000010246

Top of Stack: (sp=0x000000001996e900)
0x000000001996e900:   0000854bc2156afa 000000007152a7cb
0x000000001996e910:   0000000000000f6b 0000000002dd8fd0
0x000000001996e920:   000000001996e9b0 000000007145e135
0x000000001996e930:   000000001a3d0fa0 0000000071497669
0x000000001996e940:   000000001996ea20 000000001a3d0fa0
0x000000001996e950:   000000001cd70500 000000007131e457
0x000000001996e960:   0000854bc2156b5a 0000000000000000
0x000000001996e970:   0000000000000f6b 0000000002dd8fd0
0x000000001996e980:   0000000000000f6b 00000000714976e9
0x000000001996e990:   000000001a3f83b0 0000000000000000
0x000000001996e9a0:   0000000000000000 000000001a3f7db0
0x000000001996e9b0:   000000001adba190 0000000000007fd8
0x000000001996e9c0:   0000000000000000 0000000000000000
0x000000001996e9d0:   0000000000000000 000000001adba190
0x000000001996e9e0:   0000000000000000 0000000000000000
0x000000001996e9f0:   0000000000000000 0000000000000000 

Instructions: (pc=0x000000007152a7db)
0x000000007152a7bb:   c3 48 83 79 10 00 74 11 48 8b d3 e8 75 fc ff ff
0x000000007152a7cb:   48 8b c3 48 83 c4 20 5b c3 4c 8b 41 20 48 8b cb
0x000000007152a7db:   4d 8b 48 08 49 8d 50 10 4d 8b 00 e8 35 1b d4 ff
0x000000007152a7eb:   48 8b c3 48 83 c4 20 5b c3 cc cc cc cc cc cc cc 


Register to memory mapping:

RAX=0x000000001996e9e0 is pointing into the stack for thread: 0x0000000017f2d800
RBX=0x000000001996e9b0 is pointing into the stack for thread: 0x0000000017f2d800
RCX=0x000000001996e9b0 is pointing into the stack for thread: 0x0000000017f2d800
RDX=0x00000000032ff8e0 is an unknown value
RSP=0x000000001996e900 is pointing into the stack for thread: 0x0000000017f2d800
RBP=0x0000000017f31680 is an unknown value
RSI=0x0000000002dd8fd0 is an unknown value
RDI=0x000000001996e9e0 is pointing into the stack for thread: 0x0000000017f2d800
R8 =0x0000000000000000 is an unknown value
R9 =0x0000000000007fd8 is an unknown value
R10=0x0000000000000000 is an unknown value
R11=0x00000000033e08da is at begin+179 in a stub
StubRoutines::call_stub [0x00000000033e0827, 0x00000000033e098b[ (356 bytes)
R12=0x0000000017f3b210 is an unknown value
R13=0x0000000017f3b220 is an unknown value
R14=0x0000000017f3b5f8 is an unknown value
R15=0x00000000000003d8 is an unknown value


Stack: [0x0000000019870000,0x0000000019970000],  sp=0x000000001996e900,  free space=1018k
Native frames: (J=compiled Java code, j=interpreted, Vv=VM code, C=native code)
V  [jvm.dll+0x2da7db]
V  [jvm.dll+0x20e135]
V  [jvm.dll+0x2476e9]
V  [jvm.dll+0x2472e8]
V  [jvm.dll+0x1acefe]
V  [jvm.dll+0x1aef20]
V  [jvm.dll+0x1a5102]
V  [jvm.dll+0x33cf6b]
C  [jdwp.dll+0x87f6]
C  [jdwp.dll+0xf15d]
C  [jdwp.dll+0x1f5c9]
C  [jdwp.dll+0x1f79e]
V  [jvm.dll+0x1be2ca]
V  [jvm.dll+0x2461df]
V  [jvm.dll+0x29eb9a]
C  [msvcr100.dll+0x21d9f]
C  [msvcr100.dll+0x21e3b]
C  [KERNEL32.DLL+0x17bd4]
C  [ntdll.dll+0x6ced1]


---------------  P R O C E S S  ---------------

Java Threads: ( => current thread )
  0x000000001a801000 JavaThread "Server-ListenThread" [_thread_in_native, id=14132, stack(0x000000001e7b0000,0x000000001e8b0000)]
  0x000000001a803800 JavaThread "Direct Clip" daemon [_thread_blocked, id=2720, stack(0x000000001dd70000,0x000000001de70000)]
  0x000000001a802800 JavaThread "Direct Clip" daemon [_thread_blocked, id=15412, stack(0x000000001dc70000,0x000000001dd70000)]
  0x000000001a7fe000 JavaThread "Direct Clip" daemon [_thread_blocked, id=2184, stack(0x000000001d970000,0x000000001da70000)]
  0x000000001962c000 JavaThread "Direct Clip" daemon [_thread_blocked, id=6236, stack(0x000000001d870000,0x000000001d970000)]
  0x000000001a867000 JavaThread "Direct Clip" daemon [_thread_blocked, id=15888, stack(0x000000001d770000,0x000000001d870000)]
  0x000000001a856000 JavaThread "Java Sound Event Dispatcher" daemon [_thread_blocked, id=9752, stack(0x000000001d250000,0x000000001d350000)]
  0x00000000032e3800 JavaThread "DestroyJavaVM" [_thread_blocked, id=2868, stack(0x0000000002c20000,0x0000000002d20000)]
  0x000000001a172800 JavaThread "Main Loop" [_thread_in_Java, id=6688, stack(0x000000001cd50000,0x000000001ce50000)]
  0x000000001a762000 JavaThread "AWT-EventQueue-0" [_thread_blocked, id=7444, stack(0x000000001bd90000,0x000000001be90000)]
  0x000000001a6df000 JavaThread "AWT-Shutdown" [_thread_blocked, id=12796, stack(0x000000001baa0000,0x000000001bba0000)]
  0x000000001a6de000 JavaThread "Java2D Disposer" daemon [_thread_blocked, id=6864, stack(0x000000001b9a0000,0x000000001baa0000)]
  0x00000000193a1000 JavaThread "Service Thread" daemon [_thread_blocked, id=1772, stack(0x0000000019e70000,0x0000000019f70000)]
  0x000000001931e000 JavaThread "C1 CompilerThread2" daemon [_thread_in_vm, id=10600, stack(0x0000000019d70000,0x0000000019e70000)]
  0x0000000019316000 JavaThread "C2 CompilerThread1" daemon [_thread_blocked, id=5024, stack(0x0000000019c70000,0x0000000019d70000)]
  0x000000001932c800 JavaThread "C2 CompilerThread0" daemon [_thread_blocked, id=8456, stack(0x0000000019b70000,0x0000000019c70000)]
  0x0000000017f41000 JavaThread "JDWP Command Reader" daemon [_thread_in_native, id=13048, stack(0x0000000019a70000,0x0000000019b70000)]
  0x0000000017f3f800 JavaThread "JDWP Event Helper Thread" daemon [_thread_blocked, id=14604, stack(0x0000000019970000,0x0000000019a70000)]
=>0x0000000017f2d800 JavaThread "JDWP Transport Listener: dt_socket" daemon [_thread_in_vm, id=6504, stack(0x0000000019870000,0x0000000019970000)]
  0x0000000017f29800 JavaThread "Attach Listener" daemon [_thread_blocked, id=14452, stack(0x0000000019770000,0x0000000019870000)]
  0x0000000017f28800 JavaThread "Signal Dispatcher" daemon [_thread_blocked, id=1228, stack(0x0000000019670000,0x0000000019770000)]
  0x0000000017efa800 JavaThread "Finalizer" daemon [_thread_blocked, id=10020, stack(0x0000000019170000,0x0000000019270000)]
  0x0000000017ed9000 JavaThread "Reference Handler" daemon [_thread_blocked, id=16056, stack(0x0000000019070000,0x0000000019170000)]

Other Threads:
  0x0000000017ed7000 VMThread [stack: 0x0000000018f70000,0x0000000019070000] [id=7544]

VM state:not at safepoint (normal execution)

VM Mutex/Monitor currently owned by a thread: None

Heap:
 PSYoungGen      total 38400K, used 7425K [0x00000000d5f00000, 0x00000000da600000, 0x0000000100000000)
  eden space 33280K, 22% used [0x00000000d5f00000,0x00000000d66407b0,0x00000000d7f80000)
  from space 5120K, 0% used [0x00000000d8480000,0x00000000d8480000,0x00000000d8980000)
  to   space 5120K, 0% used [0x00000000d7f80000,0x00000000d7f80000,0x00000000d8480000)
 ParOldGen       total 160768K, used 72727K [0x0000000081c00000, 0x000000008b900000, 0x00000000d5f00000)
  object space 160768K, 45% used [0x0000000081c00000,0x0000000086305f28,0x000000008b900000)
 Metaspace       used 14133K, capacity 14318K, committed 14464K, reserved 1062912K
  class space    used 1560K, capacity 1626K, committed 1664K, reserved 1048576K

Card table byte_map: [0x00000000127a0000,0x0000000012ba0000] byte_map_base: 0x0000000012392000

Marking Bits: (ParMarkBitMap*) 0x0000000071a73e30
 Begin Bits: [0x0000000013250000, 0x00000000151e0000)
 End Bits:   [0x00000000151e0000, 0x0000000017170000)

Polling page: 0x0000000002d20000

CodeCache: size=245760Kb used=6239Kb max_used=6239Kb free=239520Kb
 bounds [0x00000000033e0000, 0x0000000003a00000, 0x00000000123e0000]
 total_blobs=2106 nmethods=1564 adapters=462
 compilation: enabled

Compilation events (10 events):
Event: 19.445 Thread 0x000000001931e000 1554       3       java.lang.reflect.Field::setBoolean (52 bytes)
Event: 19.446 Thread 0x000000001931e000 nmethod 1554 0x00000000039eeb90 code [0x00000000039eed60, 0x00000000039ef3c8]
Event: 19.589 Thread 0x000000001931e000 1555       3       java.awt.EventQueue::coalesceMouseEvent (44 bytes)
Event: 19.589 Thread 0x000000001931e000 nmethod 1555 0x00000000039ef610 code [0x00000000039ef7a0, 0x00000000039efbe8]
Event: 19.589 Thread 0x000000001931e000 1556       3       sun.awt.im.InputContext::dispatchEvent (173 bytes)
Event: 19.591 Thread 0x000000001931e000 nmethod 1556 0x00000000039efdd0 code [0x00000000039f0120, 0x00000000039f2508]
Event: 19.601 Thread 0x000000001931e000 1557       3       java.util.concurrent.locks.AbstractQueuedSynchronizer$Node::<init> (15 bytes)
Event: 19.602 Thread 0x000000001931e000 nmethod 1557 0x00000000039f32d0 code [0x00000000039f3420, 0x00000000039f35f0]
Event: 19.621 Thread 0x000000001931e000 1561       3       sun.reflect.UnsafeBooleanFieldAccessorImpl::setBoolean (30 bytes)
Event: 19.622 Thread 0x000000001931e000 nmethod 1561 0x00000000039f4150 code [0x00000000039f4380, 0x00000000039f5258]

GC Heap History (10 events):
Event: 3.773 GC heap before
{Heap before GC invocations=2 (full 0):
 PSYoungGen      total 38400K, used 37784K [0x00000000d5f00000, 0x00000000d8980000, 0x0000000100000000)
  eden space 33280K, 98% used [0x00000000d5f00000,0x00000000d7ee7d50,0x00000000d7f80000)
  from space 5120K, 99% used [0x00000000d7f80000,0x00000000d847e620,0x00000000d8480000)
  to   space 5120K, 0% used [0x00000000d8480000,0x00000000d8480000,0x00000000d8980000)
 ParOldGen       total 87552K, used 12664K [0x0000000081c00000, 0x0000000087180000, 0x00000000d5f00000)
  object space 87552K, 14% used [0x0000000081c00000,0x000000008285e210,0x0000000087180000)
 Metaspace       used 12388K, capacity 12588K, committed 12800K, reserved 1060864K
  class space    used 1407K, capacity 1487K, committed 1536K, reserved 1048576K
Event: 3.784 GC heap after
Heap after GC invocations=2 (full 0):
 PSYoungGen      total 38400K, used 5113K [0x00000000d5f00000, 0x00000000d8980000, 0x0000000100000000)
  eden space 33280K, 0% used [0x00000000d5f00000,0x00000000d5f00000,0x00000000d7f80000)
  from space 5120K, 99% used [0x00000000d8480000,0x00000000d897e700,0x00000000d8980000)
  to   space 5120K, 0% used [0x00000000d7f80000,0x00000000d7f80000,0x00000000d8480000)
 ParOldGen       total 87552K, used 33719K [0x0000000081c00000, 0x0000000087180000, 0x00000000d5f00000)
  object space 87552K, 38% used [0x0000000081c00000,0x0000000083cedf80,0x0000000087180000)
 Metaspace       used 12388K, capacity 12588K, committed 12800K, reserved 1060864K
  class space    used 1407K, capacity 1487K, committed 1536K, reserved 1048576K
}
Event: 9.587 GC heap before
{Heap before GC invocations=3 (full 0):
 PSYoungGen      total 38400K, used 38393K [0x00000000d5f00000, 0x00000000d8980000, 0x0000000100000000)
  eden space 33280K, 100% used [0x00000000d5f00000,0x00000000d7f80000,0x00000000d7f80000)
  from space 5120K, 99% used [0x00000000d8480000,0x00000000d897e700,0x00000000d8980000)
  to   space 5120K, 0% used [0x00000000d7f80000,0x00000000d7f80000,0x00000000d8480000)
 ParOldGen       total 87552K, used 33719K [0x0000000081c00000, 0x0000000087180000, 0x00000000d5f00000)
  object space 87552K, 38% used [0x0000000081c00000,0x0000000083cedf80,0x0000000087180000)
 Metaspace       used 13280K, capacity 13484K, committed 13696K, reserved 1060864K
  class space    used 1508K, capacity 1587K, committed 1664K, reserved 1048576K
Event: 9.598 GC heap after
Heap after GC invocations=3 (full 0):
 PSYoungGen      total 38400K, used 5119K [0x00000000d5f00000, 0x00000000d8980000, 0x0000000100000000)
  eden space 33280K, 0% used [0x00000000d5f00000,0x00000000d5f00000,0x00000000d7f80000)
  from space 5120K, 99% used [0x00000000d7f80000,0x00000000d847fe08,0x00000000d8480000)
  to   space 5120K, 0% used [0x00000000d8480000,0x00000000d8480000,0x00000000d8980000)
 ParOldGen       total 87552K, used 61059K [0x0000000081c00000, 0x0000000087180000, 0x00000000d5f00000)
  object space 87552K, 69% used [0x0000000081c00000,0x00000000857a0d80,0x0000000087180000)
 Metaspace       used 13280K, capacity 13484K, committed 13696K, reserved 1060864K
  class space    used 1508K, capacity 1587K, committed 1664K, reserved 1048576K
}
Event: 9.598 GC heap before
{Heap before GC invocations=4 (full 1):
 PSYoungGen      total 38400K, used 5119K [0x00000000d5f00000, 0x00000000d8980000, 0x0000000100000000)
  eden space 33280K, 0% used [0x00000000d5f00000,0x00000000d5f00000,0x00000000d7f80000)
  from space 5120K, 99% used [0x00000000d7f80000,0x00000000d847fe08,0x00000000d8480000)
  to   space 5120K, 0% used [0x00000000d8480000,0x00000000d8480000,0x00000000d8980000)
 ParOldGen       total 87552K, used 61059K [0x0000000081c00000, 0x0000000087180000, 0x00000000d5f00000)
  object space 87552K, 69% used [0x0000000081c00000,0x00000000857a0d80,0x0000000087180000)
 Metaspace       used 13280K, capacity 13484K, committed 13696K, reserved 1060864K
  class space    used 1508K, capacity 1587K, committed 1664K, reserved 1048576K
Event: 9.614 GC heap after
Heap after GC invocations=4 (full 1):
 PSYoungGen      total 38400K, used 0K [0x00000000d5f00000, 0x00000000d8980000, 0x0000000100000000)
  eden space 33280K, 0% used [0x00000000d5f00000,0x00000000d5f00000,0x00000000d7f80000)
  from space 5120K, 0% used [0x00000000d7f80000,0x00000000d7f80000,0x00000000d8480000)
  to   space 5120K, 0% used [0x00000000d8480000,0x00000000d8480000,0x00000000d8980000)
 ParOldGen       total 122880K, used 57664K [0x0000000081c00000, 0x0000000089400000, 0x00000000d5f00000)
  object space 122880K, 46% used [0x0000000081c00000,0x00000000854501c0,0x0000000089400000)
 Metaspace       used 13280K, capacity 13484K, committed 13696K, reserved 1060864K
  class space    used 1508K, capacity 1587K, committed 1664K, reserved 1048576K
}
Event: 10.500 GC heap before
{Heap before GC invocations=5 (full 1):
 PSYoungGen      total 38400K, used 33280K [0x00000000d5f00000, 0x00000000d8980000, 0x0000000100000000)
  eden space 33280K, 100% used [0x00000000d5f00000,0x00000000d7f80000,0x00000000d7f80000)
  from space 5120K, 0% used [0x00000000d7f80000,0x00000000d7f80000,0x00000000d8480000)
  to   space 5120K, 0% used [0x00000000d8480000,0x00000000d8480000,0x00000000d8980000)
 ParOldGen       total 122880K, used 57664K [0x0000000081c00000, 0x0000000089400000, 0x00000000d5f00000)
  object space 122880K, 46% used [0x0000000081c00000,0x00000000854501c0,0x0000000089400000)
 Metaspace       used 13748K, capacity 13926K, committed 14208K, reserved 1062912K
  class space    used 1555K, capacity 1626K, committed 1664K, reserved 1048576K
Event: 10.528 GC heap after
Heap after GC invocations=5 (full 1):
 PSYoungGen      total 38400K, used 400K [0x00000000d5f00000, 0x00000000da600000, 0x0000000100000000)
  eden space 33280K, 0% used [0x00000000d5f00000,0x00000000d5f00000,0x00000000d7f80000)
  from space 5120K, 7% used [0x00000000d8480000,0x00000000d84e4010,0x00000000d8980000)
  to   space 5120K, 0% used [0x00000000d7f80000,0x00000000d7f80000,0x00000000d8480000)
 ParOldGen       total 122880K, used 87240K [0x0000000081c00000, 0x0000000089400000, 0x00000000d5f00000)
  object space 122880K, 70% used [0x0000000081c00000,0x0000000087132220,0x0000000089400000)
 Metaspace       used 13748K, capacity 13926K, committed 14208K, reserved 1062912K
  class space    used 1555K, capacity 1626K, committed 1664K, reserved 1048576K
}
Event: 10.528 GC heap before
{Heap before GC invocations=6 (full 2):
 PSYoungGen      total 38400K, used 400K [0x00000000d5f00000, 0x00000000da600000, 0x0000000100000000)
  eden space 33280K, 0% used [0x00000000d5f00000,0x00000000d5f00000,0x00000000d7f80000)
  from space 5120K, 7% used [0x00000000d8480000,0x00000000d84e4010,0x00000000d8980000)
  to   space 5120K, 0% used [0x00000000d7f80000,0x00000000d7f80000,0x00000000d8480000)
 ParOldGen       total 122880K, used 87240K [0x0000000081c00000, 0x0000000089400000, 0x00000000d5f00000)
  object space 122880K, 70% used [0x0000000081c00000,0x0000000087132220,0x0000000089400000)
 Metaspace       used 13748K, capacity 13926K, committed 14208K, reserved 1062912K
  class space    used 1555K, capacity 1626K, committed 1664K, reserved 1048576K
Event: 10.552 GC heap after
Heap after GC invocations=6 (full 2):
 PSYoungGen      total 38400K, used 0K [0x00000000d5f00000, 0x00000000da600000, 0x0000000100000000)
  eden space 33280K, 0% used [0x00000000d5f00000,0x00000000d5f00000,0x00000000d7f80000)
  from space 5120K, 0% used [0x00000000d8480000,0x00000000d8480000,0x00000000d8980000)
  to   space 5120K, 0% used [0x00000000d7f80000,0x00000000d7f80000,0x00000000d8480000)
 ParOldGen       total 160768K, used 72727K [0x0000000081c00000, 0x000000008b900000, 0x00000000d5f00000)
  object space 160768K, 45% used [0x0000000081c00000,0x0000000086305f28,0x000000008b900000)
 Metaspace       used 13748K, capacity 13926K, committed 14208K, reserved 1062912K
  class space    used 1555K, capacity 1626K, committed 1664K, reserved 1048576K
}

Deoptimization events (10 events):
Event: 9.633 Thread 0x000000001a172800 Uncommon trap: reason=class_check action=maybe_recompile pc=0x0000000003825784 method=java.util.HashMap.putVal(ILjava/lang/Object;Ljava/lang/Object;ZZ)Ljava/lang/Object; @ 203
Event: 9.633 Thread 0x000000001a172800 Uncommon trap: reason=class_check action=maybe_recompile pc=0x0000000003825784 method=java.util.HashMap.putVal(ILjava/lang/Object;Ljava/lang/Object;ZZ)Ljava/lang/Object; @ 203
Event: 9.633 Thread 0x000000001a172800 Uncommon trap: reason=class_check action=maybe_recompile pc=0x0000000003825784 method=java.util.HashMap.putVal(ILjava/lang/Object;Ljava/lang/Object;ZZ)Ljava/lang/Object; @ 203
Event: 10.334 Thread 0x000000001a172800 Uncommon trap: reason=unstable_if action=reinterpret pc=0x00000000036f7014 method=com.ladun.engine.Renderer.clear()V @ 30
Event: 10.334 Thread 0x000000001a172800 Uncommon trap: reason=unstable_if action=reinterpret pc=0x00000000036f3cbc method=com.ladun.engine.Renderer.clear()V @ 30
Event: 10.455 Thread 0x000000001a172800 Uncommon trap: reason=unstable_if action=reinterpret pc=0x00000000036f8ff0 method=com.ladun.engine.Renderer.setPixel(III)V @ 11
Event: 10.455 Thread 0x000000001a172800 Uncommon trap: reason=unstable_if action=reinterpret pc=0x00000000036f29d4 method=com.ladun.engine.Renderer.setPixel(III)V @ 11
Event: 10.455 Thread 0x000000001a172800 Uncommon trap: reason=unstable_if action=reinterpret pc=0x00000000036f567c method=com.ladun.engine.Renderer.setPixel(III)V @ 23
Event: 10.659 Thread 0x000000001a172800 Uncommon trap: reason=unstable_if action=reinterpret pc=0x00000000038add30 method=com.ladun.engine.Renderer.clear()V @ 45
Event: 10.659 Thread 0x000000001a172800 Uncommon trap: reason=unstable_if action=reinterpret pc=0x00000000038af424 method=com.ladun.engine.Renderer.clear()V @ 45

Classes redefined (1 events):
Event: 17.949 Thread 0x0000000017ed7000 redefined class name=com.ladun.game.objects.interior.AnimatedInterior, count=1

Internal exceptions (10 events):
Event: 1.180 Thread 0x00000000032e3800 Exception <a 'java/security/PrivilegedActionException'> (0x00000000d66d2160) thrown at [C:\re\workspace\8-2-build-windows-amd64-cygwin\jdk8u191\11896\hotspot\src\share\vm\prims\jvm.cpp, line 1435]
Event: 1.180 Thread 0x00000000032e3800 Exception <a 'java/security/PrivilegedActionException'> (0x00000000d66d2370) thrown at [C:\re\workspace\8-2-build-windows-amd64-cygwin\jdk8u191\11896\hotspot\src\share\vm\prims\jvm.cpp, line 1435]
Event: 1.187 Thread 0x00000000032e3800 Exception <a 'java/io/FileNotFoundException'> (0x00000000d66ded28) thrown at [C:\re\workspace\8-2-build-windows-amd64-cygwin\jdk8u191\11896\hotspot\src\share\vm\prims\jni.cpp, line 709]
Event: 1.336 Thread 0x00000000032e3800 Exception <a 'java/lang/NoSuchFieldError': method resolution failed> (0x00000000d6b89fd8) thrown at [C:\re\workspace\8-2-build-windows-amd64-cygwin\jdk8u191\11896\hotspot\src\share\vm\prims\methodHandles.cpp, line 1167]
Event: 1.343 Thread 0x00000000032e3800 Exception <a 'java/lang/NoSuchFieldError': method resolution failed> (0x00000000d6b982a8) thrown at [C:\re\workspace\8-2-build-windows-amd64-cygwin\jdk8u191\11896\hotspot\src\share\vm\prims\methodHandles.cpp, line 1167]
Event: 1.411 Thread 0x00000000032e3800 Exception <a 'java/io/FileNotFoundException'> (0x00000000d6cebd28) thrown at [C:\re\workspace\8-2-build-windows-amd64-cygwin\jdk8u191\11896\hotspot\src\share\vm\prims\jni.cpp, line 709]
Event: 1.505 Thread 0x00000000032e3800 Exception <a 'java/io/FileNotFoundException'> (0x00000000d6f60738) thrown at [C:\re\workspace\8-2-build-windows-amd64-cygwin\jdk8u191\11896\hotspot\src\share\vm\prims\jni.cpp, line 709]
Event: 1.505 Thread 0x00000000032e3800 Exception <a 'java/lang/NullPointerException'> (0x00000000d6f60de0) thrown at [C:\re\workspace\8-2-build-windows-amd64-cygwin\jdk8u191\11896\hotspot\src\share\vm\interpreter\linkResolver.cpp, line 1185]
Event: 17.965 Thread 0x000000001a172800 StackOverflowError at 0x00000000039e1b20
Event: 20.956 Thread 0x000000001a172800 Exception <a 'java/lang/StackOverflowError'> (0x00000000d653a230) thrown at [C:\re\workspace\8-2-build-windows-amd64-cygwin\jdk8u191\11896\hotspot\src\share\vm\runtime\sharedRuntime.cpp, line 605]

Events (10 events):
Event: 20.986 Thread 0x000000001a172800 DEOPT PACKING pc=0x00000000039e1c44 sp=0x000000001cdac240
Event: 20.986 Thread 0x000000001a172800 DEOPT UNPACKING pc=0x0000000003427890 sp=0x000000001cdabf30 mode 1
Event: 20.986 Thread 0x000000001a172800 DEOPT PACKING pc=0x00000000039e1c44 sp=0x000000001cdac320
Event: 20.986 Thread 0x000000001a172800 DEOPT UNPACKING pc=0x0000000003427890 sp=0x000000001cdac010 mode 1
Event: 20.986 Thread 0x000000001a172800 DEOPT PACKING pc=0x00000000039e1c44 sp=0x000000001cdac400
Event: 20.986 Thread 0x000000001a172800 DEOPT UNPACKING pc=0x0000000003427890 sp=0x000000001cdac0f0 mode 1
Event: 20.987 Thread 0x000000001a172800 DEOPT PACKING pc=0x00000000039e1c44 sp=0x000000001cdac4e0
Event: 20.987 Thread 0x000000001a172800 DEOPT UNPACKING pc=0x0000000003427890 sp=0x000000001cdac1d0 mode 1
Event: 20.987 Thread 0x000000001a172800 DEOPT PACKING pc=0x00000000039e1c44 sp=0x000000001cdac5c0
Event: 20.987 Thread 0x000000001a172800 DEOPT UNPACKING pc=0x0000000003427890 sp=0x000000001cdac2b0 mode 1


Dynamic libraries:
0x00007ff721290000 - 0x00007ff7212c7000 	C:\Program Files\Java\jre1.8.0_191\bin\javaw.exe
0x00007ffd54e60000 - 0x00007ffd55050000 	C:\WINDOWS\SYSTEM32\ntdll.dll
0x00007ffd54af0000 - 0x00007ffd54ba2000 	C:\WINDOWS\System32\KERNEL32.DLL
0x00007ffd52b60000 - 0x00007ffd52e03000 	C:\WINDOWS\System32\KERNELBASE.dll
0x00007ffd54150000 - 0x00007ffd541f3000 	C:\WINDOWS\System32\ADVAPI32.dll
0x00007ffd54a50000 - 0x00007ffd54aee000 	C:\WINDOWS\System32\msvcrt.dll
0x00007ffd54320000 - 0x00007ffd543b7000 	C:\WINDOWS\System32\sechost.dll
0x00007ffd54200000 - 0x00007ffd54320000 	C:\WINDOWS\System32\RPCRT4.dll
0x00007ffd548b0000 - 0x00007ffd54a44000 	C:\WINDOWS\System32\USER32.dll
0x00007ffd51fa0000 - 0x00007ffd51fc1000 	C:\WINDOWS\System32\win32u.dll
0x00007ffd54dc0000 - 0x00007ffd54de6000 	C:\WINDOWS\System32\GDI32.dll
0x00007ffd52020000 - 0x00007ffd521b4000 	C:\WINDOWS\System32\gdi32full.dll
0x00007ffd521f0000 - 0x00007ffd5228e000 	C:\WINDOWS\System32\msvcp_win.dll
0x00007ffd52e10000 - 0x00007ffd52f0a000 	C:\WINDOWS\System32\ucrtbase.dll
0x00007ffd40950000 - 0x00007ffd40bd5000 	C:\WINDOWS\WinSxS\amd64_microsoft.windows.common-controls_6595b64144ccf1df_6.0.18362.418_none_e6c6b287130d565d\COMCTL32.dll
0x00007ffd53be0000 - 0x00007ffd53f16000 	C:\WINDOWS\System32\combase.dll
0x00007ffd52290000 - 0x00007ffd52310000 	C:\WINDOWS\System32\bcryptPrimitives.dll
0x00007ffd54df0000 - 0x00007ffd54e1e000 	C:\WINDOWS\System32\IMM32.DLL
0x00000000727b0000 - 0x0000000072882000 	C:\Program Files\Java\jre1.8.0_191\bin\msvcr100.dll
0x0000000071250000 - 0x0000000071af4000 	C:\Program Files\Java\jre1.8.0_191\bin\server\jvm.dll
0x00007ffd54430000 - 0x00007ffd54438000 	C:\WINDOWS\System32\PSAPI.DLL
0x00007ffd4e1a0000 - 0x00007ffd4e1c4000 	C:\WINDOWS\SYSTEM32\WINMM.dll
0x00007ffd3e3e0000 - 0x00007ffd3e3e9000 	C:\WINDOWS\SYSTEM32\WSOCK32.dll
0x00007ffd543c0000 - 0x00007ffd5442f000 	C:\WINDOWS\System32\WS2_32.dll
0x00007ffd4fc90000 - 0x00007ffd4fc9a000 	C:\WINDOWS\SYSTEM32\VERSION.dll
0x00007ffd4e170000 - 0x00007ffd4e19d000 	C:\WINDOWS\SYSTEM32\WINMMBASE.dll
0x00007ffd51fd0000 - 0x00007ffd5201a000 	C:\WINDOWS\System32\cfgmgr32.dll
0x0000000071240000 - 0x000000007124f000 	C:\Program Files\Java\jre1.8.0_191\bin\verify.dll
0x0000000071210000 - 0x0000000071239000 	C:\Program Files\Java\jre1.8.0_191\bin\java.dll
0x0000000072770000 - 0x00000000727a5000 	C:\Program Files\Java\jre1.8.0_191\bin\jdwp.dll
0x0000000072760000 - 0x0000000072768000 	C:\Program Files\Java\jre1.8.0_191\bin\npt.dll
0x0000000070fe0000 - 0x0000000071003000 	C:\Program Files\Java\jre1.8.0_191\bin\instrument.dll
0x00000000711f0000 - 0x0000000071206000 	C:\Program Files\Java\jre1.8.0_191\bin\zip.dll
0x00007ffd53390000 - 0x00007ffd53a75000 	C:\WINDOWS\System32\SHELL32.dll
0x00007ffd52f80000 - 0x00007ffd53029000 	C:\WINDOWS\System32\shcore.dll
0x00007ffd523e0000 - 0x00007ffd52b5f000 	C:\WINDOWS\System32\windows.storage.dll
0x00007ffd51dd0000 - 0x00007ffd51def000 	C:\WINDOWS\System32\profapi.dll
0x00007ffd51d80000 - 0x00007ffd51dca000 	C:\WINDOWS\System32\powrprof.dll
0x00007ffd51d30000 - 0x00007ffd51d40000 	C:\WINDOWS\System32\UMPDC.dll
0x00007ffd53f20000 - 0x00007ffd53f72000 	C:\WINDOWS\System32\shlwapi.dll
0x00007ffd51d40000 - 0x00007ffd51d51000 	C:\WINDOWS\System32\kernel.appcore.dll
0x00007ffd523c0000 - 0x00007ffd523d7000 	C:\WINDOWS\System32\cryptsp.dll
0x0000000072750000 - 0x0000000072759000 	C:\Program Files\Java\jre1.8.0_191\bin\dt_socket.dll
0x00007ffd4e280000 - 0x00007ffd4e296000 	C:\WINDOWS\system32\napinsp.dll
0x00007ffd4be70000 - 0x00007ffd4be8a000 	C:\WINDOWS\system32\pnrpnsp.dll
0x00007ffd515a0000 - 0x00007ffd51607000 	C:\WINDOWS\System32\mswsock.dll
0x00007ffd512f0000 - 0x00007ffd513ba000 	C:\WINDOWS\SYSTEM32\DNSAPI.dll
0x00007ffd53230000 - 0x00007ffd53238000 	C:\WINDOWS\System32\NSI.dll
0x00007ffd512b0000 - 0x00007ffd512ea000 	C:\WINDOWS\SYSTEM32\IPHLPAPI.DLL
0x00007ffd4fce0000 - 0x00007ffd4fcee000 	C:\WINDOWS\System32\winrnr.dll
0x00007ffd4de50000 - 0x00007ffd4de6c000 	C:\WINDOWS\system32\NLAapi.dll
0x00007ffd3be70000 - 0x00007ffd3be85000 	C:\WINDOWS\system32\wshbth.dll
0x00007ffd455b0000 - 0x00007ffd45627000 	C:\WINDOWS\System32\fwpuclnt.dll
0x00007ffd521c0000 - 0x00007ffd521e6000 	C:\WINDOWS\System32\bcrypt.dll
0x00007ffd42bb0000 - 0x00007ffd42bba000 	C:\Windows\System32\rasadhlp.dll
0x0000000070e40000 - 0x0000000070fd9000 	C:\Program Files\Java\jre1.8.0_191\bin\awt.dll
0x00007ffd53240000 - 0x00007ffd53304000 	C:\WINDOWS\System32\OLEAUT32.dll
0x00007ffd4f890000 - 0x00007ffd4f91f000 	C:\WINDOWS\SYSTEM32\apphelp.dll
0x00007ffd500e0000 - 0x00007ffd5010d000 	C:\WINDOWS\system32\DWMAPI.DLL
0x00007ffd4fb20000 - 0x00007ffd4fbb9000 	C:\WINDOWS\system32\uxtheme.dll
0x00007ffd416b0000 - 0x00007ffd41806000 	C:\WINDOWS\system32\opengl32.dll
0x00007ffd4c5f0000 - 0x00007ffd4c61c000 	C:\WINDOWS\SYSTEM32\GLU32.dll
0x00007ffd50a10000 - 0x00007ffd50a30000 	C:\WINDOWS\SYSTEM32\dxcore.dll
0x00007ffd530f0000 - 0x00007ffd53226000 	C:\WINDOWS\System32\MSCTF.dll
0x00007ffd376b0000 - 0x00007ffd376e8000 	C:\WINDOWS\system32\IMGSF50Filter_x64.dll
0x00007ffd53a80000 - 0x00007ffd53bd6000 	C:\WINDOWS\System32\ole32.dll
0x0000000072490000 - 0x0000000072563000 	C:\WINDOWS\WinSxS\amd64_microsoft.vc90.crt_1fc8b3b9a1e18e3b_9.0.30729.9619_none_08e065a3a84109b0\MSVCP90.dll
0x00000000723e0000 - 0x0000000072483000 	C:\WINDOWS\WinSxS\amd64_microsoft.vc90.crt_1fc8b3b9a1e18e3b_9.0.30729.9619_none_08e065a3a84109b0\MSVCR90.dll
0x0000000070df0000 - 0x0000000070e37000 	C:\Program Files\Java\jre1.8.0_191\bin\fontmanager.dll
0x00007ffd51110000 - 0x00007ffd51143000 	C:\WINDOWS\system32\rsaenh.dll
0x00007ffd51c50000 - 0x00007ffd51c75000 	C:\WINDOWS\SYSTEM32\USERENV.dll
0x00007ffd51770000 - 0x00007ffd5177c000 	C:\WINDOWS\SYSTEM32\CRYPTBASE.dll
0x00000000711d0000 - 0x00000000711ea000 	C:\Program Files\Java\jre1.8.0_191\bin\net.dll
0x00007ffd479f0000 - 0x00007ffd47a06000 	C:\WINDOWS\SYSTEM32\dhcpcsvc6.DLL
0x00007ffd4afb0000 - 0x00007ffd4afcc000 	C:\WINDOWS\SYSTEM32\dhcpcsvc.DLL
0x00000000711b0000 - 0x00000000711c1000 	C:\Program Files\Java\jre1.8.0_191\bin\nio.dll
0x0000000072740000 - 0x000000007274c000 	C:\Program Files\Java\jre1.8.0_191\bin\jsound.dll
0x0000000070de0000 - 0x0000000070deb000 	C:\Program Files\Java\jre1.8.0_191\bin\jsoundds.dll
0x00007ffd20c90000 - 0x00007ffd20d29000 	C:\WINDOWS\SYSTEM32\DSOUND.dll
0x00007ffd49e00000 - 0x00007ffd49e72000 	C:\WINDOWS\SYSTEM32\MMDevAPI.DLL
0x00007ffd51990000 - 0x00007ffd519ba000 	C:\WINDOWS\SYSTEM32\DEVOBJ.dll
0x00007ffd2f460000 - 0x00007ffd2f4a4000 	C:\WINDOWS\SYSTEM32\wdmaud.drv
0x00007ffd4dcb0000 - 0x00007ffd4dcba000 	C:\WINDOWS\SYSTEM32\AVRT.dll
0x00007ffd40da0000 - 0x00007ffd40da9000 	C:\WINDOWS\SYSTEM32\ksuser.dll
0x00007ffd4a880000 - 0x00007ffd4a9dd000 	C:\WINDOWS\SYSTEM32\AUDIOSES.DLL
0x00007ffd4d3a0000 - 0x00007ffd4d4f3000 	C:\WINDOWS\SYSTEM32\wintypes.dll
0x00007ffd4c680000 - 0x00007ffd4c68d000 	C:\WINDOWS\SYSTEM32\msacm32.drv
0x00007ffd4c660000 - 0x00007ffd4c67c000 	C:\WINDOWS\SYSTEM32\MSACM32.dll
0x00007ffd4c650000 - 0x00007ffd4c65a000 	C:\WINDOWS\SYSTEM32\midimap.dll
0x00007ffd53030000 - 0x00007ffd530d2000 	C:\WINDOWS\System32\clbcatq.dll
0x00007ffd4fff0000 - 0x00007ffd50004000 	C:\WINDOWS\SYSTEM32\resourcepolicyclient.dll
0x00007ffd47900000 - 0x00007ffd4799e000 	C:\WINDOWS\System32\TextInputFramework.dll
0x00007ffd4f2d0000 - 0x00007ffd4f3a4000 	C:\WINDOWS\System32\CoreMessaging.dll
0x00007ffd4d6d0000 - 0x00007ffd4d9fa000 	C:\WINDOWS\System32\CoreUIComponents.dll
0x00007ffd50d90000 - 0x00007ffd50dc1000 	C:\WINDOWS\SYSTEM32\ntmarta.dll
0x00007ffd43690000 - 0x00007ffd43936000 	C:\WINDOWS\System32\iertutil.dll
0x00007ffd4f9b0000 - 0x00007ffd4fa9f000 	C:\WINDOWS\SYSTEM32\PROPSYS.dll
0x00007ffd3dd90000 - 0x00007ffd3ddcd000 	C:\Windows\System32\IME\IMEKR\imkrapi.dll
0x00007ffd3d1a0000 - 0x00007ffd3d1dc000 	C:\Windows\System32\IME\shared\imjkapi.dll
0x00007ffd41ac0000 - 0x00007ffd41c11000 	C:\Windows\System32\Windows.UI.dll
0x00007ffd432d0000 - 0x00007ffd433ea000 	C:\Windows\System32\InputHost.dll
0x0000000070d50000 - 0x0000000070d92000 	C:\Program Files\Java\jre1.8.0_191\bin\t2k.dll
0x00007ffd50600000 - 0x00007ffd507f4000 	C:\WINDOWS\SYSTEM32\dbghelp.dll

VM Arguments:
jvm_args: -agentlib:jdwp=transport=dt_socket,suspend=y,address=localhost:65339 -javaagent:C:\Users\jungj\Desktop\eclipse\configuration\org.eclipse.osgi\615\0\.cp\lib\javaagent-shaded.jar -Dfile.encoding=MS949 
java_command: com.ladun.game.GameManager
java_class_path (initial): C:\Users\jungj\Java_Tournament\Tournament\bin;C:\Users\jungj\Java_Tournament\Tournament\res;C:\Users\jungj\Java_Tournament\gson-2.8.5.jar;C:\Users\jungj\Desktop\eclipse\configuration\org.eclipse.osgi\615\0\.cp\lib\javaagent-shaded.jar
Launcher Type: SUN_STANDARD

Environment Variables:
JAVA_HOME=C:\Program Files\Java\jdk1.8.0_191
PATH=C:/Program Files/Java/jre1.8.0_191/bin/server;C:/Program Files/Java/jre1.8.0_191/bin;C:/Program Files/Java/jre1.8.0_191/lib/amd64;C:\ProgramData\Oracle\Java\javapath;C:\Program Files (x86)\Intel\iCLS Client\;C:\Program Files\Intel\iCLS Client\;C:\Windows\system32;C:\Windows;C:\Windows\System32\Wbem;C:\Windows\System32\WindowsPowerShell\v1.0\;C:\Program Files (x86)\Intel\Intel(R) Management Engine Components\DAL;C:\Program Files\Intel\Intel(R) Management Engine Components\DAL;C:\Program Files (x86)\Intel\Intel(R) Management Engine Components\IPT;C:\Program Files\Intel\Intel(R) Management Engine Components\IPT;C:\Program Files (x86)\NVIDIA Corporation\PhysX\Common;C:\Program Files\Microsoft SQL Server\130\Tools\Binn\;C:\Program Files (x86)\GtkSharp\2.12\bin;C:\WINDOWS\system32;C:\WINDOWS;C:\WINDOWS\System32\Wbem;C:\WINDOWS\System32\WindowsPowerShell\v1.0\;C:\WINDOWS\System32\OpenSSH\;C:\Program Files\Intel\WiFi\bin\;C:\Program Files\Common Files\Intel\WirelessCommon\;C:\Program Files\Java\jdk1.8.0_191\bin;C:\Program Files\Git\cmd;C:\Program Files\dotnet\;C:\Users\jungj\AppData\Local\Programs\Python\Python36-32\Scripts\;C:\Users\jungj\AppData\Local\Programs\Python\Python36-32\;C:\NVPACK\gradle-2.9\bin;C:\NVPACK\apache-ant-1.8.2\bin;C:\NVPACK\jdk1.8.0_77\bin;C:\NVPACK\android-ndk-r12b;C:\NVPACK\android-sdk-windows\extras\android\support;C:\NVPACK\android-sdk-windows\build-tools;C:\NVPACK\android-sdk-windows\platform-tools;C:\NVPACK\android-sdk-windows\tools;C:\Program Files\Bandizip\;C:\Users\jungj\AppData\Local\Microsoft\WindowsApps;C:\Users\jungj\Desktop\eclipse;
USERNAME=Ladun
OS=Windows_NT
PROCESSOR_IDENTIFIER=Intel64 Family 6 Model 142 Stepping 9, GenuineIntel



---------------  S Y S T E M  ---------------

OS: Windows 10.0 , 64 bit Build 18362 (10.0.18362.329)

CPU:total 4 (initial active 4) (2 cores per cpu, 2 threads per core) family 6 model 142 stepping 9, cmov, cx8, fxsr, mmx, sse, sse2, sse3, ssse3, sse4.1, sse4.2, popcnt, avx, avx2, aes, clmul, erms, 3dnowpref, lzcnt, ht, tsc, tscinvbit, bmi1, bmi2, adx

Memory: 4k page, physical 8272596k(2763936k free), swap 11418324k(2510232k free)

vm_info: Java HotSpot(TM) 64-Bit Server VM (25.191-b12) for windows-amd64 JRE (1.8.0_191-b12), built on Oct  6 2018 09:29:03 by "java_re" with MS VC++ 10.0 (VS2010)

time: Sun Oct 20 20:10:26 2019
elapsed time: 21 seconds (0d 0h 0m 21s)

